#
# There is insufficient memory for the Java Runtime Environment to continue.
# Native memory allocation (malloc) failed to allocate 1048576 bytes for AllocateHeap
# Possible reasons:
#   The system is out of physical RAM or swap space
#   The process is running with CompressedOops enabled, and the Java Heap may be blocking the growth of the native heap
# Possible solutions:
#   Reduce memory load on the system
#   Increase physical memory or swap space
#   Check if swap backing store is full
#   Decrease Java heap size (-Xmx/-Xms)
#   Decrease number of Java threads
#   Decrease Java thread stack sizes (-Xss)
#   Set larger code cache with -XX:ReservedCodeCacheSize=
#   JVM is running with Zero Based Compressed Oops mode in which the Java heap is
#     placed in the first 32GB address space. The Java Heap base address is the
#     maximum limit for the native heap growth. Please use -XX:HeapBaseMinAddress
#     to set the Java Heap base and to place the Java Heap above 32GB virtual address.
# This output file may be truncated or incomplete.
#
#  Out of Memory Error (./src/hotspot/share/memory/allocation.cpp:46), pid=11624, tid=8944
#
# JRE version: OpenJDK Runtime Environment Zulu11.56+19-CA (11.0.15+10) (build 11.0.15+10-LTS)
# Java VM: OpenJDK 64-Bit Server VM Zulu11.56+19-CA (11.0.15+10-LTS, mixed mode, tiered, compressed oops, g1 gc, windows-amd64)
# No core dump will be written. Minidumps are not enabled by default on client versions of Windows
#

---------------  S U M M A R Y ------------

Command Line: -Dfile.encoding=windows-1252 -Duser.country=CO -Duser.language=es -Duser.variant com.co.ias.products.ProductsApplication

Host: AMD Ryzen 3 3200G with Radeon Vega Graphics    , 4 cores, 13G,  Windows 10 , 64 bit Build 19041 (10.0.19041.1645)
Time: Mon May  9 16:05:28 2022 Hora est. Pacífico, Sudamérica elapsed time: 0.905106 seconds (0d 0h 0m 0s)

---------------  T H R E A D  ---------------

Current thread (0x000001c5727aa800):  VMThread "VM Thread" [stack: 0x0000003eea800000,0x0000003eea900000] [id=8944]

Stack: [0x0000003eea800000,0x0000003eea900000]
[error occurred during error reporting (printing stack bounds), id 0xc0000005, EXCEPTION_ACCESS_VIOLATION (0xc0000005) at pc=0x000001c557e3112d]

Native frames: (J=compiled Java code, j=interpreted, Vv=VM code, C=native code)
V  [jvm.dll+0x62819a]
V  [jvm.dll+0x7b55c9]
V  [jvm.dll+0x7b6cb8]
V  [jvm.dll+0x7b72f5]
V  [jvm.dll+0x7b72ab]
V  [jvm.dll+0x627527]
V  [jvm.dll+0x627c38]
C  [ntdll.dll+0xa20cf]
C  [ntdll.dll+0x51454]
C  [ntdll.dll+0xa0bfe]
C  0x000001c557e3112d

VM_Operation (0x0000003eea2fdec0): CollectForMetadataAllocation, mode: safepoint, requested by thread 0x000001c54de72000


---------------  P R O C E S S  ---------------

Threads class SMR info:
_java_thread_list=0x000001c573092ff0, length=10, elements={
0x000001c5727d0000, 0x000001c5727d2000, 0x000001c57282f800, 0x000001c572834000,
0x000001c572835000, 0x000001c572838800, 0x000001c57283c800, 0x000001c5728b4800,
0x000001c57299f000, 0x000001c54de72000
}

Java Threads: ( => current thread )
  0x000001c5727d0000 JavaThread "Reference Handler" daemon [_thread_blocked, id=16216, stack(0x0000003eea900000,0x0000003eeaa00000)]
  0x000001c5727d2000 JavaThread "Finalizer" daemon [_thread_blocked, id=18452, stack(0x0000003eeaa00000,0x0000003eeab00000)]
  0x000001c57282f800 JavaThread "Signal Dispatcher" daemon [_thread_blocked, id=10780, stack(0x0000003eeab00000,0x0000003eeac00000)]
  0x000001c572834000 JavaThread "Attach Listener" daemon [_thread_blocked, id=11340, stack(0x0000003eeac00000,0x0000003eead00000)]
  0x000001c572835000 JavaThread "Service Thread" daemon [_thread_blocked, id=19100, stack(0x0000003eead00000,0x0000003eeae00000)]
  0x000001c572838800 JavaThread "C2 CompilerThread0" daemon [_thread_blocked, id=4112, stack(0x0000003eeae00000,0x0000003eeaf00000)]
  0x000001c57283c800 JavaThread "C1 CompilerThread0" daemon [_thread_blocked, id=17748, stack(0x0000003eeaf00000,0x0000003eeb000000)]
  0x000001c5728b4800 JavaThread "Sweeper thread" daemon [_thread_blocked, id=7284, stack(0x0000003eeb000000,0x0000003eeb100000)]
  0x000001c57299f000 JavaThread "Common-Cleaner" daemon [_thread_blocked, id=15784, stack(0x0000003eeb200000,0x0000003eeb300000)]
  0x000001c54de72000 JavaThread "DestroyJavaVM" [_thread_blocked, id=13308, stack(0x0000003eea200000,0x0000003eea300000)]

Other Threads:
=>0x000001c5727aa800 VMThread "VM Thread" [stack: 0x0000003eea800000,0x0000003eea900000] [id=8944]
  0x000001c57299e000 WatcherThread [stack: 0x0000003eeb100000,0x0000003eeb200000] [id=12060]
  0x000001c54de8c000 GCTaskThread "GC Thread#0" [stack: 0x0000003eea300000,0x0000003eea400000] [id=15228]
  0x000001c572ee5800 GCTaskThread "GC Thread#1" [stack: 0x0000003eeb300000,0x0000003eeb400000] [id=13280]
  0x000001c572aa8000 GCTaskThread "GC Thread#2" [stack: 0x0000003eeb400000,0x0000003eeb500000] [id=14024]
  0x000001c572f92800 GCTaskThread "GC Thread#3" [stack: 0x0000003eeb500000,0x0000003eeb600000] [id=18512]
  0x000001c54dedc000 ConcurrentGCThread "G1 Main Marker" [stack: 0x0000003eea400000,0x0000003eea500000] [id=14400]
  0x000001c54dedd800 ConcurrentGCThread "G1 Conc#0" [stack: 0x0000003eea500000,0x0000003eea600000] [id=13020]
  0x000001c54df4d800 ConcurrentGCThread "G1 Refine#0" [stack: 0x0000003eea600000,0x0000003eea700000] [id=14936]
  0x000001c54df4e800 ConcurrentGCThread "G1 Young RemSet Sampling" [stack: 0x0000003eea700000,0x0000003eea800000] [id=5824]

Threads with active compile tasks:

VM state:at safepoint (normal execution)

VM Mutex/Monitor currently owned by a thread:  ([mutex/lock_event])
[0x000001c54de6e890] Threads_lock - owner thread: 0x000001c5727aa800
[0x000001c54de6e770] Heap_lock - owner thread: 0x000001c54de72000

OutOfMemory and StackOverflow Exception counts:
OutOfMemoryError java_heap_errors=1
LinkageErrors=2

Heap address: 0x0000000721000000, size: 3568 MB, Compressed Oops mode: Zero based, Oop shift amount: 3
Narrow klass base: 0x0000000800000000, Narrow klass shift: 0
Compressed class space size: 1073741824 Address: 0x0000000800000000

Heap:
 garbage-first heap   total 229376K, used 3534K [0x0000000721000000, 0x0000000800000000)
  region size 1024K, 4 young (4096K), 4 survivors (4096K)
 Metaspace       used 9696K, capacity 9847K, committed 9984K, reserved 1077248K
  class space    used 872K, capacity 943K, committed 1024K, reserved 1048576K
Heap Regions: E=young(eden), S=young(survivor), O=old, HS=humongous(starts), HC=humongous(continues), CS=collection set, F=free, A=archive, TAMS=top-at-mark-start (previous, next)
|   0|0x0000000721000000, 0x0000000721064800, 0x0000000721100000| 39%| O|  |TAMS 0x0000000721064800, 0x0000000721064800| Untracked 
|   1|0x0000000721100000, 0x0000000721100000, 0x0000000721200000|  0%| F|  |TAMS 0x0000000721100000, 0x0000000721100000| Untracked 
|   2|0x0000000721200000, 0x0000000721200000, 0x0000000721300000|  0%| F|  |TAMS 0x0000000721200000, 0x0000000721200000| Untracked 
|   3|0x0000000721300000, 0x0000000721300000, 0x0000000721400000|  0%| F|  |TAMS 0x0000000721300000, 0x0000000721300000| Untracked 
|   4|0x0000000721400000, 0x0000000721400000, 0x0000000721500000|  0%| F|  |TAMS 0x0000000721400000, 0x0000000721400000| Untracked 
|   5|0x0000000721500000, 0x0000000721500000, 0x0000000721600000|  0%| F|  |TAMS 0x0000000721500000, 0x0000000721500000| Untracked 
|   6|0x0000000721600000, 0x0000000721600000, 0x0000000721700000|  0%| F|  |TAMS 0x0000000721600000, 0x0000000721600000| Untracked 
|   7|0x0000000721700000, 0x0000000721700000, 0x0000000721800000|  0%| F|  |TAMS 0x0000000721700000, 0x0000000721700000| Untracked 
|   8|0x0000000721800000, 0x0000000721800000, 0x0000000721900000|  0%| F|  |TAMS 0x0000000721800000, 0x0000000721800000| Untracked 
|   9|0x0000000721900000, 0x0000000721900000, 0x0000000721a00000|  0%| F|  |TAMS 0x0000000721900000, 0x0000000721900000| Untracked 
|  10|0x0000000721a00000, 0x0000000721a00000, 0x0000000721b00000|  0%| F|  |TAMS 0x0000000721a00000, 0x0000000721a00000| Untracked 
|  11|0x0000000721b00000, 0x0000000721b00000, 0x0000000721c00000|  0%| F|  |TAMS 0x0000000721b00000, 0x0000000721b00000| Untracked 
|  12|0x0000000721c00000, 0x0000000721c00000, 0x0000000721d00000|  0%| F|  |TAMS 0x0000000721c00000, 0x0000000721c00000| Untracked 
|  13|0x0000000721d00000, 0x0000000721d00000, 0x0000000721e00000|  0%| F|  |TAMS 0x0000000721d00000, 0x0000000721d00000| Untracked 
|  14|0x0000000721e00000, 0x0000000721e00000, 0x0000000721f00000|  0%| F|  |TAMS 0x0000000721e00000, 0x0000000721e00000| Untracked 
|  15|0x0000000721f00000, 0x0000000721f00000, 0x0000000722000000|  0%| F|  |TAMS 0x0000000721f00000, 0x0000000721f00000| Untracked 
|  16|0x0000000722000000, 0x0000000722000000, 0x0000000722100000|  0%| F|  |TAMS 0x0000000722000000, 0x0000000722000000| Untracked 
|  17|0x0000000722100000, 0x0000000722100000, 0x0000000722200000|  0%| F|  |TAMS 0x0000000722100000, 0x0000000722100000| Untracked 
|  18|0x0000000722200000, 0x0000000722200000, 0x0000000722300000|  0%| F|  |TAMS 0x0000000722200000, 0x0000000722200000| Untracked 
|  19|0x0000000722300000, 0x0000000722300000, 0x0000000722400000|  0%| F|  |TAMS 0x0000000722300000, 0x0000000722300000| Untracked 
|  20|0x0000000722400000, 0x0000000722400000, 0x0000000722500000|  0%| F|  |TAMS 0x0000000722400000, 0x0000000722400000| Untracked 
|  21|0x0000000722500000, 0x0000000722500000, 0x0000000722600000|  0%| F|  |TAMS 0x0000000722500000, 0x0000000722500000| Untracked 
|  22|0x0000000722600000, 0x0000000722600000, 0x0000000722700000|  0%| F|  |TAMS 0x0000000722600000, 0x0000000722600000| Untracked 
|  23|0x0000000722700000, 0x0000000722700000, 0x0000000722800000|  0%| F|  |TAMS 0x0000000722700000, 0x0000000722700000| Untracked 
|  24|0x0000000722800000, 0x0000000722800000, 0x0000000722900000|  0%| F|  |TAMS 0x0000000722800000, 0x0000000722800000| Untracked 
|  25|0x0000000722900000, 0x0000000722900000, 0x0000000722a00000|  0%| F|  |TAMS 0x0000000722900000, 0x0000000722900000| Untracked 
|  26|0x0000000722a00000, 0x0000000722a00000, 0x0000000722b00000|  0%| F|  |TAMS 0x0000000722a00000, 0x0000000722a00000| Untracked 
|  27|0x0000000722b00000, 0x0000000722b00000, 0x0000000722c00000|  0%| F|  |TAMS 0x0000000722b00000, 0x0000000722b00000| Untracked 
|  28|0x0000000722c00000, 0x0000000722c00000, 0x0000000722d00000|  0%| F|  |TAMS 0x0000000722c00000, 0x0000000722c00000| Untracked 
|  29|0x0000000722d00000, 0x0000000722d00000, 0x0000000722e00000|  0%| F|  |TAMS 0x0000000722d00000, 0x0000000722d00000| Untracked 
|  30|0x0000000722e00000, 0x0000000722e00000, 0x0000000722f00000|  0%| F|  |TAMS 0x0000000722e00000, 0x0000000722e00000| Untracked 
|  31|0x0000000722f00000, 0x0000000722f00000, 0x0000000723000000|  0%| F|  |TAMS 0x0000000722f00000, 0x0000000722f00000| Untracked 
|  32|0x0000000723000000, 0x0000000723000000, 0x0000000723100000|  0%| F|  |TAMS 0x0000000723000000, 0x0000000723000000| Untracked 
|  33|0x0000000723100000, 0x0000000723100000, 0x0000000723200000|  0%| F|  |TAMS 0x0000000723100000, 0x0000000723100000| Untracked 
|  34|0x0000000723200000, 0x0000000723200000, 0x0000000723300000|  0%| F|  |TAMS 0x0000000723200000, 0x0000000723200000| Untracked 
|  35|0x0000000723300000, 0x0000000723300000, 0x0000000723400000|  0%| F|  |TAMS 0x0000000723300000, 0x0000000723300000| Untracked 
|  36|0x0000000723400000, 0x0000000723400000, 0x0000000723500000|  0%| F|  |TAMS 0x0000000723400000, 0x0000000723400000| Untracked 
|  37|0x0000000723500000, 0x0000000723500000, 0x0000000723600000|  0%| F|  |TAMS 0x0000000723500000, 0x0000000723500000| Untracked 
|  38|0x0000000723600000, 0x0000000723600000, 0x0000000723700000|  0%| F|  |TAMS 0x0000000723600000, 0x0000000723600000| Untracked 
|  39|0x0000000723700000, 0x0000000723700000, 0x0000000723800000|  0%| F|  |TAMS 0x0000000723700000, 0x0000000723700000| Untracked 
|  40|0x0000000723800000, 0x0000000723800000, 0x0000000723900000|  0%| F|  |TAMS 0x0000000723800000, 0x0000000723800000| Untracked 
|  41|0x0000000723900000, 0x0000000723900000, 0x0000000723a00000|  0%| F|  |TAMS 0x0000000723900000, 0x0000000723900000| Untracked 
|  42|0x0000000723a00000, 0x0000000723a00000, 0x0000000723b00000|  0%| F|  |TAMS 0x0000000723a00000, 0x0000000723a00000| Untracked 
|  43|0x0000000723b00000, 0x0000000723b00000, 0x0000000723c00000|  0%| F|  |TAMS 0x0000000723b00000, 0x0000000723b00000| Untracked 
|  44|0x0000000723c00000, 0x0000000723c00000, 0x0000000723d00000|  0%| F|  |TAMS 0x0000000723c00000, 0x0000000723c00000| Untracked 
|  45|0x0000000723d00000, 0x0000000723d00000, 0x0000000723e00000|  0%| F|  |TAMS 0x0000000723d00000, 0x0000000723d00000| Untracked 
|  46|0x0000000723e00000, 0x0000000723e00000, 0x0000000723f00000|  0%| F|  |TAMS 0x0000000723e00000, 0x0000000723e00000| Untracked 
|  47|0x0000000723f00000, 0x0000000723f00000, 0x0000000724000000|  0%| F|  |TAMS 0x0000000723f00000, 0x0000000723f00000| Untracked 
|  48|0x0000000724000000, 0x0000000724000000, 0x0000000724100000|  0%| F|  |TAMS 0x0000000724000000, 0x0000000724000000| Untracked 
|  49|0x0000000724100000, 0x0000000724100000, 0x0000000724200000|  0%| F|  |TAMS 0x0000000724100000, 0x0000000724100000| Untracked 
|  50|0x0000000724200000, 0x0000000724200000, 0x0000000724300000|  0%| F|  |TAMS 0x0000000724200000, 0x0000000724200000| Untracked 
|  51|0x0000000724300000, 0x0000000724300000, 0x0000000724400000|  0%| F|  |TAMS 0x0000000724300000, 0x0000000724300000| Untracked 
|  52|0x0000000724400000, 0x0000000724400000, 0x0000000724500000|  0%| F|  |TAMS 0x0000000724400000, 0x0000000724400000| Untracked 
|  53|0x0000000724500000, 0x0000000724500000, 0x0000000724600000|  0%| F|  |TAMS 0x0000000724500000, 0x0000000724500000| Untracked 
|  54|0x0000000724600000, 0x0000000724600000, 0x0000000724700000|  0%| F|  |TAMS 0x0000000724600000, 0x0000000724600000| Untracked 
|  55|0x0000000724700000, 0x0000000724700000, 0x0000000724800000|  0%| F|  |TAMS 0x0000000724700000, 0x0000000724700000| Untracked 
|  56|0x0000000724800000, 0x0000000724800000, 0x0000000724900000|  0%| F|  |TAMS 0x0000000724800000, 0x0000000724800000| Untracked 
|  57|0x0000000724900000, 0x0000000724900000, 0x0000000724a00000|  0%| F|  |TAMS 0x0000000724900000, 0x0000000724900000| Untracked 
|  58|0x0000000724a00000, 0x0000000724a00000, 0x0000000724b00000|  0%| F|  |TAMS 0x0000000724a00000, 0x0000000724a00000| Untracked 
|  59|0x0000000724b00000, 0x0000000724b00000, 0x0000000724c00000|  0%| F|  |TAMS 0x0000000724b00000, 0x0000000724b00000| Untracked 
|  60|0x0000000724c00000, 0x0000000724c00000, 0x0000000724d00000|  0%| F|  |TAMS 0x0000000724c00000, 0x0000000724c00000| Untracked 
|  61|0x0000000724d00000, 0x0000000724d00000, 0x0000000724e00000|  0%| F|  |TAMS 0x0000000724d00000, 0x0000000724d00000| Untracked 
|  62|0x0000000724e00000, 0x0000000724e00000, 0x0000000724f00000|  0%| F|  |TAMS 0x0000000724e00000, 0x0000000724e00000| Untracked 
|  63|0x0000000724f00000, 0x0000000724f00000, 0x0000000725000000|  0%| F|  |TAMS 0x0000000724f00000, 0x0000000724f00000| Untracked 
|  64|0x0000000725000000, 0x0000000725000000, 0x0000000725100000|  0%| F|  |TAMS 0x0000000725000000, 0x0000000725000000| Untracked 
|  65|0x0000000725100000, 0x0000000725100000, 0x0000000725200000|  0%| F|  |TAMS 0x0000000725100000, 0x0000000725100000| Untracked 
|  66|0x0000000725200000, 0x0000000725200000, 0x0000000725300000|  0%| F|  |TAMS 0x0000000725200000, 0x0000000725200000| Untracked 
|  67|0x0000000725300000, 0x0000000725300000, 0x0000000725400000|  0%| F|  |TAMS 0x0000000725300000, 0x0000000725300000| Untracked 
|  68|0x0000000725400000, 0x0000000725400000, 0x0000000725500000|  0%| F|  |TAMS 0x0000000725400000, 0x0000000725400000| Untracked 
|  69|0x0000000725500000, 0x0000000725500000, 0x0000000725600000|  0%| F|  |TAMS 0x0000000725500000, 0x0000000725500000| Untracked 
|  70|0x0000000725600000, 0x0000000725600000, 0x0000000725700000|  0%| F|  |TAMS 0x0000000725600000, 0x0000000725600000| Untracked 
|  71|0x0000000725700000, 0x0000000725700000, 0x0000000725800000|  0%| F|  |TAMS 0x0000000725700000, 0x0000000725700000| Untracked 
|  72|0x0000000725800000, 0x0000000725800000, 0x0000000725900000|  0%| F|  |TAMS 0x0000000725800000, 0x0000000725800000| Untracked 
|  73|0x0000000725900000, 0x0000000725900000, 0x0000000725a00000|  0%| F|  |TAMS 0x0000000725900000, 0x0000000725900000| Untracked 
|  74|0x0000000725a00000, 0x0000000725a00000, 0x0000000725b00000|  0%| F|  |TAMS 0x0000000725a00000, 0x0000000725a00000| Untracked 
|  75|0x0000000725b00000, 0x0000000725b00000, 0x0000000725c00000|  0%| F|  |TAMS 0x0000000725b00000, 0x0000000725b00000| Untracked 
|  76|0x0000000725c00000, 0x0000000725c00000, 0x0000000725d00000|  0%| F|  |TAMS 0x0000000725c00000, 0x0000000725c00000| Untracked 
|  77|0x0000000725d00000, 0x0000000725d00000, 0x0000000725e00000|  0%| F|  |TAMS 0x0000000725d00000, 0x0000000725d00000| Untracked 
|  78|0x0000000725e00000, 0x0000000725e00000, 0x0000000725f00000|  0%| F|  |TAMS 0x0000000725e00000, 0x0000000725e00000| Untracked 
|  79|0x0000000725f00000, 0x0000000725f00000, 0x0000000726000000|  0%| F|  |TAMS 0x0000000725f00000, 0x0000000725f00000| Untracked 
|  80|0x0000000726000000, 0x0000000726000000, 0x0000000726100000|  0%| F|  |TAMS 0x0000000726000000, 0x0000000726000000| Untracked 
|  81|0x0000000726100000, 0x0000000726100000, 0x0000000726200000|  0%| F|  |TAMS 0x0000000726100000, 0x0000000726100000| Untracked 
|  82|0x0000000726200000, 0x0000000726200000, 0x0000000726300000|  0%| F|  |TAMS 0x0000000726200000, 0x0000000726200000| Untracked 
|  83|0x0000000726300000, 0x0000000726300000, 0x0000000726400000|  0%| F|  |TAMS 0x0000000726300000, 0x0000000726300000| Untracked 
|  84|0x0000000726400000, 0x0000000726400000, 0x0000000726500000|  0%| F|  |TAMS 0x0000000726400000, 0x0000000726400000| Untracked 
|  85|0x0000000726500000, 0x0000000726500000, 0x0000000726600000|  0%| F|  |TAMS 0x0000000726500000, 0x0000000726500000| Untracked 
|  86|0x0000000726600000, 0x0000000726600000, 0x0000000726700000|  0%| F|  |TAMS 0x0000000726600000, 0x0000000726600000| Untracked 
|  87|0x0000000726700000, 0x0000000726700000, 0x0000000726800000|  0%| F|  |TAMS 0x0000000726700000, 0x0000000726700000| Untracked 
|  88|0x0000000726800000, 0x0000000726800000, 0x0000000726900000|  0%| F|  |TAMS 0x0000000726800000, 0x0000000726800000| Untracked 
|  89|0x0000000726900000, 0x0000000726900000, 0x0000000726a00000|  0%| F|  |TAMS 0x0000000726900000, 0x0000000726900000| Untracked 
|  90|0x0000000726a00000, 0x0000000726a00000, 0x0000000726b00000|  0%| F|  |TAMS 0x0000000726a00000, 0x0000000726a00000| Untracked 
|  91|0x0000000726b00000, 0x0000000726b00000, 0x0000000726c00000|  0%| F|  |TAMS 0x0000000726b00000, 0x0000000726b00000| Untracked 
|  92|0x0000000726c00000, 0x0000000726c00000, 0x0000000726d00000|  0%| F|  |TAMS 0x0000000726c00000, 0x0000000726c00000| Untracked 
|  93|0x0000000726d00000, 0x0000000726d00000, 0x0000000726e00000|  0%| F|  |TAMS 0x0000000726d00000, 0x0000000726d00000| Untracked 
|  94|0x0000000726e00000, 0x0000000726e00000, 0x0000000726f00000|  0%| F|  |TAMS 0x0000000726e00000, 0x0000000726e00000| Untracked 
|  95|0x0000000726f00000, 0x0000000726f00000, 0x0000000727000000|  0%| F|  |TAMS 0x0000000726f00000, 0x0000000726f00000| Untracked 
|  96|0x0000000727000000, 0x0000000727000000, 0x0000000727100000|  0%| F|  |TAMS 0x0000000727000000, 0x0000000727000000| Untracked 
|  97|0x0000000727100000, 0x0000000727100000, 0x0000000727200000|  0%| F|  |TAMS 0x0000000727100000, 0x0000000727100000| Untracked 
|  98|0x0000000727200000, 0x0000000727200000, 0x0000000727300000|  0%| F|  |TAMS 0x0000000727200000, 0x0000000727200000| Untracked 
|  99|0x0000000727300000, 0x0000000727300000, 0x0000000727400000|  0%| F|  |TAMS 0x0000000727300000, 0x0000000727300000| Untracked 
| 100|0x0000000727400000, 0x0000000727400000, 0x0000000727500000|  0%| F|  |TAMS 0x0000000727400000, 0x0000000727400000| Untracked 
| 101|0x0000000727500000, 0x0000000727500000, 0x0000000727600000|  0%| F|  |TAMS 0x0000000727500000, 0x0000000727500000| Untracked 
| 102|0x0000000727600000, 0x0000000727600000, 0x0000000727700000|  0%| F|  |TAMS 0x0000000727600000, 0x0000000727600000| Untracked 
| 103|0x0000000727700000, 0x0000000727700000, 0x0000000727800000|  0%| F|  |TAMS 0x0000000727700000, 0x0000000727700000| Untracked 
| 104|0x0000000727800000, 0x0000000727800000, 0x0000000727900000|  0%| F|  |TAMS 0x0000000727800000, 0x0000000727800000| Untracked 
| 105|0x0000000727900000, 0x0000000727900000, 0x0000000727a00000|  0%| F|  |TAMS 0x0000000727900000, 0x0000000727900000| Untracked 
| 106|0x0000000727a00000, 0x0000000727a00000, 0x0000000727b00000|  0%| F|  |TAMS 0x0000000727a00000, 0x0000000727a00000| Untracked 
| 107|0x0000000727b00000, 0x0000000727b00000, 0x0000000727c00000|  0%| F|  |TAMS 0x0000000727b00000, 0x0000000727b00000| Untracked 
| 108|0x0000000727c00000, 0x0000000727c00000, 0x0000000727d00000|  0%| F|  |TAMS 0x0000000727c00000, 0x0000000727c00000| Untracked 
| 109|0x0000000727d00000, 0x0000000727d00000, 0x0000000727e00000|  0%| F|  |TAMS 0x0000000727d00000, 0x0000000727d00000| Untracked 
| 110|0x0000000727e00000, 0x0000000727e00000, 0x0000000727f00000|  0%| F|  |TAMS 0x0000000727e00000, 0x0000000727e00000| Untracked 
| 111|0x0000000727f00000, 0x0000000727f00000, 0x0000000728000000|  0%| F|  |TAMS 0x0000000727f00000, 0x0000000727f00000| Untracked 
| 112|0x0000000728000000, 0x0000000728000000, 0x0000000728100000|  0%| F|  |TAMS 0x0000000728000000, 0x0000000728000000| Untracked 
| 113|0x0000000728100000, 0x0000000728100000, 0x0000000728200000|  0%| F|  |TAMS 0x0000000728100000, 0x0000000728100000| Untracked 
| 114|0x0000000728200000, 0x0000000728200000, 0x0000000728300000|  0%| F|  |TAMS 0x0000000728200000, 0x0000000728200000| Untracked 
| 115|0x0000000728300000, 0x0000000728300000, 0x0000000728400000|  0%| F|  |TAMS 0x0000000728300000, 0x0000000728300000| Untracked 
| 116|0x0000000728400000, 0x0000000728400000, 0x0000000728500000|  0%| F|  |TAMS 0x0000000728400000, 0x0000000728400000| Untracked 
| 117|0x0000000728500000, 0x0000000728500000, 0x0000000728600000|  0%| F|  |TAMS 0x0000000728500000, 0x0000000728500000| Untracked 
| 118|0x0000000728600000, 0x0000000728600000, 0x0000000728700000|  0%| F|  |TAMS 0x0000000728600000, 0x0000000728600000| Untracked 
| 119|0x0000000728700000, 0x0000000728700000, 0x0000000728800000|  0%| F|  |TAMS 0x0000000728700000, 0x0000000728700000| Untracked 
| 120|0x0000000728800000, 0x0000000728800000, 0x0000000728900000|  0%| F|  |TAMS 0x0000000728800000, 0x0000000728800000| Untracked 
| 121|0x0000000728900000, 0x0000000728900000, 0x0000000728a00000|  0%| F|  |TAMS 0x0000000728900000, 0x0000000728900000| Untracked 
| 122|0x0000000728a00000, 0x0000000728a00000, 0x0000000728b00000|  0%| F|  |TAMS 0x0000000728a00000, 0x0000000728a00000| Untracked 
| 123|0x0000000728b00000, 0x0000000728b00000, 0x0000000728c00000|  0%| F|  |TAMS 0x0000000728b00000, 0x0000000728b00000| Untracked 
| 124|0x0000000728c00000, 0x0000000728c00000, 0x0000000728d00000|  0%| F|  |TAMS 0x0000000728c00000, 0x0000000728c00000| Untracked 
| 125|0x0000000728d00000, 0x0000000728d00000, 0x0000000728e00000|  0%| F|  |TAMS 0x0000000728d00000, 0x0000000728d00000| Untracked 
| 126|0x0000000728e00000, 0x0000000728e00000, 0x0000000728f00000|  0%| F|  |TAMS 0x0000000728e00000, 0x0000000728e00000| Untracked 
| 127|0x0000000728f00000, 0x0000000728f00000, 0x0000000729000000|  0%| F|  |TAMS 0x0000000728f00000, 0x0000000728f00000| Untracked 
| 128|0x0000000729000000, 0x0000000729000000, 0x0000000729100000|  0%| F|  |TAMS 0x0000000729000000, 0x0000000729000000| Untracked 
| 129|0x0000000729100000, 0x0000000729100000, 0x0000000729200000|  0%| F|  |TAMS 0x0000000729100000, 0x0000000729100000| Untracked 
| 130|0x0000000729200000, 0x0000000729200000, 0x0000000729300000|  0%| F|  |TAMS 0x0000000729200000, 0x0000000729200000| Untracked 
| 131|0x0000000729300000, 0x0000000729300000, 0x0000000729400000|  0%| F|  |TAMS 0x0000000729300000, 0x0000000729300000| Untracked 
| 132|0x0000000729400000, 0x0000000729400000, 0x0000000729500000|  0%| F|  |TAMS 0x0000000729400000, 0x0000000729400000| Untracked 
| 133|0x0000000729500000, 0x0000000729500000, 0x0000000729600000|  0%| F|  |TAMS 0x0000000729500000, 0x0000000729500000| Untracked 
| 134|0x0000000729600000, 0x0000000729600000, 0x0000000729700000|  0%| F|  |TAMS 0x0000000729600000, 0x0000000729600000| Untracked 
| 135|0x0000000729700000, 0x0000000729700000, 0x0000000729800000|  0%| F|  |TAMS 0x0000000729700000, 0x0000000729700000| Untracked 
| 136|0x0000000729800000, 0x0000000729800000, 0x0000000729900000|  0%| F|  |TAMS 0x0000000729800000, 0x0000000729800000| Untracked 
| 137|0x0000000729900000, 0x0000000729900000, 0x0000000729a00000|  0%| F|  |TAMS 0x0000000729900000, 0x0000000729900000| Untracked 
| 138|0x0000000729a00000, 0x0000000729a00000, 0x0000000729b00000|  0%| F|  |TAMS 0x0000000729a00000, 0x0000000729a00000| Untracked 
| 139|0x0000000729b00000, 0x0000000729b00000, 0x0000000729c00000|  0%| F|  |TAMS 0x0000000729b00000, 0x0000000729b00000| Untracked 
| 140|0x0000000729c00000, 0x0000000729c00000, 0x0000000729d00000|  0%| F|  |TAMS 0x0000000729c00000, 0x0000000729c00000| Untracked 
| 141|0x0000000729d00000, 0x0000000729d00000, 0x0000000729e00000|  0%| F|  |TAMS 0x0000000729d00000, 0x0000000729d00000| Untracked 
| 142|0x0000000729e00000, 0x0000000729e00000, 0x0000000729f00000|  0%| F|  |TAMS 0x0000000729e00000, 0x0000000729e00000| Untracked 
| 143|0x0000000729f00000, 0x0000000729f00000, 0x000000072a000000|  0%| F|  |TAMS 0x0000000729f00000, 0x0000000729f00000| Untracked 
| 144|0x000000072a000000, 0x000000072a000000, 0x000000072a100000|  0%| F|  |TAMS 0x000000072a000000, 0x000000072a000000| Untracked 
| 145|0x000000072a100000, 0x000000072a100000, 0x000000072a200000|  0%| F|  |TAMS 0x000000072a100000, 0x000000072a100000| Untracked 
| 146|0x000000072a200000, 0x000000072a200000, 0x000000072a300000|  0%| F|  |TAMS 0x000000072a200000, 0x000000072a200000| Untracked 
| 147|0x000000072a300000, 0x000000072a300000, 0x000000072a400000|  0%| F|  |TAMS 0x000000072a300000, 0x000000072a300000| Untracked 
| 148|0x000000072a400000, 0x000000072a400000, 0x000000072a500000|  0%| F|  |TAMS 0x000000072a400000, 0x000000072a400000| Untracked 
| 149|0x000000072a500000, 0x000000072a500000, 0x000000072a600000|  0%| F|  |TAMS 0x000000072a500000, 0x000000072a500000| Untracked 
| 150|0x000000072a600000, 0x000000072a600000, 0x000000072a700000|  0%| F|  |TAMS 0x000000072a600000, 0x000000072a600000| Untracked 
| 151|0x000000072a700000, 0x000000072a700000, 0x000000072a800000|  0%| F|  |TAMS 0x000000072a700000, 0x000000072a700000| Untracked 
| 152|0x000000072a800000, 0x000000072a800000, 0x000000072a900000|  0%| F|  |TAMS 0x000000072a800000, 0x000000072a800000| Untracked 
| 153|0x000000072a900000, 0x000000072a900000, 0x000000072aa00000|  0%| F|  |TAMS 0x000000072a900000, 0x000000072a900000| Untracked 
| 154|0x000000072aa00000, 0x000000072aa00000, 0x000000072ab00000|  0%| F|  |TAMS 0x000000072aa00000, 0x000000072aa00000| Untracked 
| 155|0x000000072ab00000, 0x000000072ab00000, 0x000000072ac00000|  0%| F|  |TAMS 0x000000072ab00000, 0x000000072ab00000| Untracked 
| 156|0x000000072ac00000, 0x000000072ac00000, 0x000000072ad00000|  0%| F|  |TAMS 0x000000072ac00000, 0x000000072ac00000| Untracked 
| 157|0x000000072ad00000, 0x000000072ad00000, 0x000000072ae00000|  0%| F|  |TAMS 0x000000072ad00000, 0x000000072ad00000| Untracked 
| 158|0x000000072ae00000, 0x000000072ae00000, 0x000000072af00000|  0%| F|  |TAMS 0x000000072ae00000, 0x000000072ae00000| Untracked 
| 159|0x000000072af00000, 0x000000072af00000, 0x000000072b000000|  0%| F|  |TAMS 0x000000072af00000, 0x000000072af00000| Untracked 
| 160|0x000000072b000000, 0x000000072b000000, 0x000000072b100000|  0%| F|  |TAMS 0x000000072b000000, 0x000000072b000000| Untracked 
| 161|0x000000072b100000, 0x000000072b100000, 0x000000072b200000|  0%| F|  |TAMS 0x000000072b100000, 0x000000072b100000| Untracked 
| 162|0x000000072b200000, 0x000000072b200000, 0x000000072b300000|  0%| F|  |TAMS 0x000000072b200000, 0x000000072b200000| Untracked 
| 163|0x000000072b300000, 0x000000072b300000, 0x000000072b400000|  0%| F|  |TAMS 0x000000072b300000, 0x000000072b300000| Untracked 
| 164|0x000000072b400000, 0x000000072b400000, 0x000000072b500000|  0%| F|  |TAMS 0x000000072b400000, 0x000000072b400000| Untracked 
| 165|0x000000072b500000, 0x000000072b500000, 0x000000072b600000|  0%| F|  |TAMS 0x000000072b500000, 0x000000072b500000| Untracked 
| 166|0x000000072b600000, 0x000000072b600000, 0x000000072b700000|  0%| F|  |TAMS 0x000000072b600000, 0x000000072b600000| Untracked 
| 167|0x000000072b700000, 0x000000072b700000, 0x000000072b800000|  0%| F|  |TAMS 0x000000072b700000, 0x000000072b700000| Untracked 
| 168|0x000000072b800000, 0x000000072b800000, 0x000000072b900000|  0%| F|  |TAMS 0x000000072b800000, 0x000000072b800000| Untracked 
| 169|0x000000072b900000, 0x000000072b900000, 0x000000072ba00000|  0%| F|  |TAMS 0x000000072b900000, 0x000000072b900000| Untracked 
| 170|0x000000072ba00000, 0x000000072ba00000, 0x000000072bb00000|  0%| F|  |TAMS 0x000000072ba00000, 0x000000072ba00000| Untracked 
| 171|0x000000072bb00000, 0x000000072bb00000, 0x000000072bc00000|  0%| F|  |TAMS 0x000000072bb00000, 0x000000072bb00000| Untracked 
| 172|0x000000072bc00000, 0x000000072bc00000, 0x000000072bd00000|  0%| F|  |TAMS 0x000000072bc00000, 0x000000072bc00000| Untracked 
| 173|0x000000072bd00000, 0x000000072bd00000, 0x000000072be00000|  0%| F|  |TAMS 0x000000072bd00000, 0x000000072bd00000| Untracked 
| 174|0x000000072be00000, 0x000000072be00000, 0x000000072bf00000|  0%| F|  |TAMS 0x000000072be00000, 0x000000072be00000| Untracked 
| 175|0x000000072bf00000, 0x000000072bf00000, 0x000000072c000000|  0%| F|  |TAMS 0x000000072bf00000, 0x000000072bf00000| Untracked 
| 176|0x000000072c000000, 0x000000072c000000, 0x000000072c100000|  0%| F|  |TAMS 0x000000072c000000, 0x000000072c000000| Untracked 
| 177|0x000000072c100000, 0x000000072c100000, 0x000000072c200000|  0%| F|  |TAMS 0x000000072c100000, 0x000000072c100000| Untracked 
| 178|0x000000072c200000, 0x000000072c200000, 0x000000072c300000|  0%| F|  |TAMS 0x000000072c200000, 0x000000072c200000| Untracked 
| 179|0x000000072c300000, 0x000000072c300000, 0x000000072c400000|  0%| F|  |TAMS 0x000000072c300000, 0x000000072c300000| Untracked 
| 180|0x000000072c400000, 0x000000072c400000, 0x000000072c500000|  0%| F|  |TAMS 0x000000072c400000, 0x000000072c400000| Untracked 
| 181|0x000000072c500000, 0x000000072c500000, 0x000000072c600000|  0%| F|  |TAMS 0x000000072c500000, 0x000000072c500000| Untracked 
| 182|0x000000072c600000, 0x000000072c600000, 0x000000072c700000|  0%| F|  |TAMS 0x000000072c600000, 0x000000072c600000| Untracked 
| 183|0x000000072c700000, 0x000000072c700000, 0x000000072c800000|  0%| F|  |TAMS 0x000000072c700000, 0x000000072c700000| Untracked 
| 184|0x000000072c800000, 0x000000072c800000, 0x000000072c900000|  0%| F|  |TAMS 0x000000072c800000, 0x000000072c800000| Untracked 
| 185|0x000000072c900000, 0x000000072c900000, 0x000000072ca00000|  0%| F|  |TAMS 0x000000072c900000, 0x000000072c900000| Untracked 
| 186|0x000000072ca00000, 0x000000072ca00000, 0x000000072cb00000|  0%| F|  |TAMS 0x000000072ca00000, 0x000000072ca00000| Untracked 
| 187|0x000000072cb00000, 0x000000072cb00000, 0x000000072cc00000|  0%| F|  |TAMS 0x000000072cb00000, 0x000000072cb00000| Untracked 
| 188|0x000000072cc00000, 0x000000072cc00000, 0x000000072cd00000|  0%| F|  |TAMS 0x000000072cc00000, 0x000000072cc00000| Untracked 
| 189|0x000000072cd00000, 0x000000072cd00000, 0x000000072ce00000|  0%| F|  |TAMS 0x000000072cd00000, 0x000000072cd00000| Untracked 
| 190|0x000000072ce00000, 0x000000072ce00000, 0x000000072cf00000|  0%| F|  |TAMS 0x000000072ce00000, 0x000000072ce00000| Untracked 
| 191|0x000000072cf00000, 0x000000072cf00000, 0x000000072d000000|  0%| F|  |TAMS 0x000000072cf00000, 0x000000072cf00000| Untracked 
| 192|0x000000072d000000, 0x000000072d000000, 0x000000072d100000|  0%| F|  |TAMS 0x000000072d000000, 0x000000072d000000| Untracked 
| 193|0x000000072d100000, 0x000000072d100000, 0x000000072d200000|  0%| F|  |TAMS 0x000000072d100000, 0x000000072d100000| Untracked 
| 194|0x000000072d200000, 0x000000072d200000, 0x000000072d300000|  0%| F|  |TAMS 0x000000072d200000, 0x000000072d200000| Untracked 
| 195|0x000000072d300000, 0x000000072d300000, 0x000000072d400000|  0%| F|  |TAMS 0x000000072d300000, 0x000000072d300000| Untracked 
| 196|0x000000072d400000, 0x000000072d400000, 0x000000072d500000|  0%| F|  |TAMS 0x000000072d400000, 0x000000072d400000| Untracked 
| 197|0x000000072d500000, 0x000000072d500000, 0x000000072d600000|  0%| F|  |TAMS 0x000000072d500000, 0x000000072d500000| Untracked 
| 198|0x000000072d600000, 0x000000072d600000, 0x000000072d700000|  0%| F|  |TAMS 0x000000072d600000, 0x000000072d600000| Untracked 
| 199|0x000000072d700000, 0x000000072d700000, 0x000000072d800000|  0%| F|  |TAMS 0x000000072d700000, 0x000000072d700000| Untracked 
| 200|0x000000072d800000, 0x000000072d800000, 0x000000072d900000|  0%| F|  |TAMS 0x000000072d800000, 0x000000072d800000| Untracked 
| 201|0x000000072d900000, 0x000000072d900000, 0x000000072da00000|  0%| F|  |TAMS 0x000000072d900000, 0x000000072d900000| Untracked 
| 202|0x000000072da00000, 0x000000072da00000, 0x000000072db00000|  0%| F|  |TAMS 0x000000072da00000, 0x000000072da00000| Untracked 
| 203|0x000000072db00000, 0x000000072db00000, 0x000000072dc00000|  0%| F|  |TAMS 0x000000072db00000, 0x000000072db00000| Untracked 
| 204|0x000000072dc00000, 0x000000072dc00000, 0x000000072dd00000|  0%| F|  |TAMS 0x000000072dc00000, 0x000000072dc00000| Untracked 
| 205|0x000000072dd00000, 0x000000072dd00000, 0x000000072de00000|  0%| F|  |TAMS 0x000000072dd00000, 0x000000072dd00000| Untracked 
| 206|0x000000072de00000, 0x000000072de00000, 0x000000072df00000|  0%| F|  |TAMS 0x000000072de00000, 0x000000072de00000| Untracked 
| 207|0x000000072df00000, 0x000000072df00000, 0x000000072e000000|  0%| F|  |TAMS 0x000000072df00000, 0x000000072df00000| Untracked 
| 208|0x000000072e000000, 0x000000072e000000, 0x000000072e100000|  0%| F|  |TAMS 0x000000072e000000, 0x000000072e000000| Untracked 
| 209|0x000000072e100000, 0x000000072e100000, 0x000000072e200000|  0%| F|  |TAMS 0x000000072e100000, 0x000000072e100000| Untracked 
| 210|0x000000072e200000, 0x000000072e200000, 0x000000072e300000|  0%| F|  |TAMS 0x000000072e200000, 0x000000072e200000| Untracked 
| 211|0x000000072e300000, 0x000000072e30f3c0, 0x000000072e400000|  5%| S|CS|TAMS 0x000000072e300000, 0x000000072e300000| Complete 
| 212|0x000000072e400000, 0x000000072e500000, 0x000000072e500000|100%| S|CS|TAMS 0x000000072e400000, 0x000000072e400000| Complete 
| 213|0x000000072e500000, 0x000000072e600000, 0x000000072e600000|100%| S|CS|TAMS 0x000000072e500000, 0x000000072e500000| Complete 
| 214|0x000000072e600000, 0x000000072e700000, 0x000000072e700000|100%| S|CS|TAMS 0x000000072e600000, 0x000000072e600000| Complete 
| 215|0x000000072e700000, 0x000000072e700000, 0x000000072e800000|  0%| F|  |TAMS 0x000000072e700000, 0x000000072e700000| Untracked 
| 216|0x000000072e800000, 0x000000072e800000, 0x000000072e900000|  0%| F|  |TAMS 0x000000072e800000, 0x000000072e800000| Untracked 
| 217|0x000000072e900000, 0x000000072e900000, 0x000000072ea00000|  0%| F|  |TAMS 0x000000072e900000, 0x000000072e900000| Untracked 
| 218|0x000000072ea00000, 0x000000072ea00000, 0x000000072eb00000|  0%| F|  |TAMS 0x000000072ea00000, 0x000000072ea00000| Untracked 
| 219|0x000000072eb00000, 0x000000072eb00000, 0x000000072ec00000|  0%| F|  |TAMS 0x000000072eb00000, 0x000000072eb00000| Untracked 
| 220|0x000000072ec00000, 0x000000072ec00000, 0x000000072ed00000|  0%| F|  |TAMS 0x000000072ec00000, 0x000000072ec00000| Untracked 
| 221|0x000000072ed00000, 0x000000072ed00000, 0x000000072ee00000|  0%| F|  |TAMS 0x000000072ed00000, 0x000000072ed00000| Untracked 
| 222|0x000000072ee00000, 0x000000072ee00000, 0x000000072ef00000|  0%| F|  |TAMS 0x000000072ee00000, 0x000000072ee00000| Untracked 
| 223|0x000000072ef00000, 0x000000072ef00000, 0x000000072f000000|  0%| F|  |TAMS 0x000000072ef00000, 0x000000072ef00000| Untracked 

Card table byte_map: [0x000001c567b50000,0x000001c568250000] _byte_map_base: 0x000001c564248000

Marking Bits (Prev, Next): (CMBitMap*) 0x000001c54decd3f0, (CMBitMap*) 0x000001c54decd3b8
 Prev Bits: [0x000001c56c110000, 0x000001c56f8d0000)
 Next Bits: [0x000001c568950000, 0x000001c56c110000)

Polling page: 0x000001c54dd30000

Metaspace:

Usage:
  Non-class:      8.70 MB capacity,     8.62 MB (>99%) used,    72.19 KB ( <1%) free+waste,     7.88 KB ( <1%) overhead. 
      Class:    943.00 KB capacity,   872.22 KB ( 92%) used,    67.41 KB (  7%) free+waste,     3.38 KB ( <1%) overhead. 
       Both:      9.62 MB capacity,     9.47 MB ( 98%) used,   139.59 KB (  1%) free+waste,    11.25 KB ( <1%) overhead. 

Virtual space:
  Non-class space:       28.00 MB reserved,       8.75 MB ( 31%) committed 
      Class space:        1.00 GB reserved,       1.00 MB ( <1%) committed 
             Both:        1.03 GB reserved,       9.75 MB ( <1%) committed 

Chunk freelists:
   Non-Class:  56.00 KB
       Class:  17.00 KB
        Both:  73.00 KB

MaxMetaspaceSize: 17179869184.00 GB
CompressedClassSpaceSize: 1.00 GB
Initial GC threshold: 20.80 MB
Current GC threshold: 21.45 MB
CDS: off

CodeHeap 'non-profiled nmethods': size=120064Kb used=195Kb max_used=195Kb free=119868Kb
 bounds [0x000001c55f8f0000, 0x000001c55fb60000, 0x000001c566e30000]
CodeHeap 'profiled nmethods': size=120000Kb used=1305Kb max_used=1305Kb free=118694Kb
 bounds [0x000001c5583c0000, 0x000001c558630000, 0x000001c55f8f0000]
CodeHeap 'non-nmethods': size=5696Kb used=1121Kb max_used=1131Kb free=4574Kb
 bounds [0x000001c557e30000, 0x000001c5580a0000, 0x000001c5583c0000]
 total_blobs=1039 nmethods=668 adapters=284
 compilation: enabled
              stopped_count=0, restarted_count=0
 full_count=0

Compilation events (20 events):
Event: 0.850 Thread 0x000001c57283c800  659       3       java.net.URL::toString (5 bytes)
Event: 0.850 Thread 0x000001c57283c800 nmethod 659 0x000001c558503090 code [0x000001c558503260, 0x000001c558503488]
Event: 0.850 Thread 0x000001c57283c800  660       3       java.net.URL::toExternalForm (9 bytes)
Event: 0.850 Thread 0x000001c57283c800 nmethod 660 0x000001c558503590 code [0x000001c558503740, 0x000001c558503908]
Event: 0.851 Thread 0x000001c57283c800  661       3       java.io.FilterInputStream::<init> (10 bytes)
Event: 0.851 Thread 0x000001c57283c800 nmethod 661 0x000001c558503a10 code [0x000001c558503bc0, 0x000001c558503dd8]
Event: 0.851 Thread 0x000001c57283c800  662   !   3       java.util.zip.ZipFile$ZipFileInflaterInputStream::close (67 bytes)
Event: 0.851 Thread 0x000001c57283c800 nmethod 662 0x000001c558503e90 code [0x000001c5585040a0, 0x000001c5585047b8]
Event: 0.851 Thread 0x000001c57283c800  663       3       java.util.zip.InflaterInputStream::close (34 bytes)
Event: 0.851 Thread 0x000001c57283c800 nmethod 663 0x000001c558504a90 code [0x000001c558504c60, 0x000001c558504f18]
Event: 0.851 Thread 0x000001c57283c800  664       3       java.util.zip.ZipUtils::CENATX_PERMS (9 bytes)
Event: 0.851 Thread 0x000001c57283c800 nmethod 664 0x000001c558505010 code [0x000001c5585051c0, 0x000001c558505358]
Event: 0.852 Thread 0x000001c57283c800  665       3       java.util.Collections$UnmodifiableCollection$1::hasNext (10 bytes)
Event: 0.853 Thread 0x000001c57283c800 nmethod 665 0x000001c558505490 code [0x000001c558505640, 0x000001c558505808]
Event: 0.853 Thread 0x000001c57283c800  666       3       java.lang.Module::isNamed (13 bytes)
Event: 0.853 Thread 0x000001c57283c800 nmethod 666 0x000001c558505910 code [0x000001c558505ac0, 0x000001c558505c18]
Event: 0.853 Thread 0x000001c57283c800  667       3       sun.nio.cs.SingleByte$Encoder::encode (32 bytes)
Event: 0.853 Thread 0x000001c57283c800 nmethod 667 0x000001c558505c90 code [0x000001c558505e40, 0x000001c558505ff8]
Event: 0.853 Thread 0x000001c57283c800  668       3       java.nio.ByteBuffer::arrayOffset (35 bytes)
Event: 0.853 Thread 0x000001c57283c800 nmethod 668 0x000001c558506110 code [0x000001c5585062e0, 0x000001c5585065b8]

GC Heap History (4 events):
Event: 0.573 GC heap before
{Heap before GC invocations=0 (full 0):
 garbage-first heap   total 229376K, used 5120K [0x0000000721000000, 0x0000000800000000)
  region size 1024K, 6 young (6144K), 0 survivors (0K)
 Metaspace       used 7212K, capacity 7273K, committed 7424K, reserved 1062912K
  class space    used 606K, capacity 658K, committed 768K, reserved 1048576K
}
Event: 0.587 GC heap after
{Heap after GC invocations=1 (full 0):
 garbage-first heap   total 229376K, used 2450K [0x0000000721000000, 0x0000000800000000)
  region size 1024K, 2 young (2048K), 2 survivors (2048K)
 Metaspace       used 7212K, capacity 7273K, committed 7424K, reserved 1062912K
  class space    used 606K, capacity 658K, committed 768K, reserved 1048576K
}
Event: 0.854 GC heap before
{Heap before GC invocations=2 (full 0):
 garbage-first heap   total 229376K, used 8594K [0x0000000721000000, 0x0000000800000000)
  region size 1024K, 9 young (9216K), 2 survivors (2048K)
 Metaspace       used 9696K, capacity 9847K, committed 9984K, reserved 1075200K
  class space    used 872K, capacity 943K, committed 1024K, reserved 1048576K
}
Event: 0.857 GC heap after
{Heap after GC invocations=3 (full 0):
 garbage-first heap   total 229376K, used 3534K [0x0000000721000000, 0x0000000800000000)
  region size 1024K, 4 young (4096K), 4 survivors (4096K)
 Metaspace       used 9696K, capacity 9847K, committed 9984K, reserved 1075200K
  class space    used 872K, capacity 943K, committed 1024K, reserved 1048576K
}

Deoptimization events (20 events):
Event: 0.536 Thread 0x000001c54de72000 DEOPT PACKING pc=0x000001c55f909600 sp=0x0000003eea2f8750
Event: 0.536 Thread 0x000001c54de72000 DEOPT UNPACKING pc=0x000001c557e7a1af sp=0x0000003eea2f86b8 mode 2
Event: 0.539 Thread 0x000001c54de72000 Uncommon trap: trap_request=0xffffff4d fr.pc=0x000001c55f901400 relative=0x0000000000000060
Event: 0.539 Thread 0x000001c54de72000 Uncommon trap: reason=unstable_if action=reinterpret pc=0x000001c55f901400 method=java.io.WinNTFileSystem.isSlash(C)Z @ 9 c2
Event: 0.539 Thread 0x000001c54de72000 DEOPT PACKING pc=0x000001c55f901400 sp=0x0000003eea2f91b0
Event: 0.539 Thread 0x000001c54de72000 DEOPT UNPACKING pc=0x000001c557e7a1af sp=0x0000003eea2f9138 mode 2
Event: 0.540 Thread 0x000001c54de72000 Uncommon trap: trap_request=0xffffff4d fr.pc=0x000001c55f909c8c relative=0x00000000000002cc
Event: 0.540 Thread 0x000001c54de72000 Uncommon trap: reason=unstable_if action=reinterpret pc=0x000001c55f909c8c method=java.io.BufferedReader.read()I @ 19 c2
Event: 0.540 Thread 0x000001c54de72000 DEOPT PACKING pc=0x000001c55f909c8c sp=0x0000003eea2f90f0
Event: 0.540 Thread 0x000001c54de72000 DEOPT UNPACKING pc=0x000001c557e7a1af sp=0x0000003eea2f9030 mode 2
Event: 0.708 Thread 0x000001c54de72000 Uncommon trap: trap_request=0xffffff4d fr.pc=0x000001c55f900e38 relative=0x00000000000003f8
Event: 0.708 Thread 0x000001c54de72000 Uncommon trap: reason=unstable_if action=reinterpret pc=0x000001c55f900e38 method=java.lang.StringLatin1.canEncode(I)Z @ 4 c2
Event: 0.708 Thread 0x000001c54de72000 DEOPT PACKING pc=0x000001c55f900e38 sp=0x0000003eea2fd3e0
Event: 0.708 Thread 0x000001c54de72000 DEOPT UNPACKING pc=0x000001c557e7a1af sp=0x0000003eea2fd308 mode 2
Event: 0.708 Thread 0x000001c54de72000 Uncommon trap: trap_request=0xffffff4d fr.pc=0x000001c55f9022a4 relative=0x00000000000003e4
Event: 0.708 Thread 0x000001c54de72000 Uncommon trap: reason=unstable_if action=reinterpret pc=0x000001c55f9022a4 method=java.lang.AbstractStringBuilder.isLatin1()Z @ 10 c2
Event: 0.708 Thread 0x000001c54de72000 DEOPT PACKING pc=0x000001c55f9022a4 sp=0x0000003eea2fd3f0
Event: 0.708 Thread 0x000001c54de72000 DEOPT UNPACKING pc=0x000001c557e7a1af sp=0x0000003eea2fd370 mode 2
Event: 0.829 Thread 0x000001c54de72000 DEOPT PACKING pc=0x000001c5583e1368 sp=0x0000003eea2f7810
Event: 0.829 Thread 0x000001c54de72000 DEOPT UNPACKING pc=0x000001c557e7a95e sp=0x0000003eea2f6c58 mode 0

Classes redefined (0 events):
No events

Internal exceptions (5 events):
Event: 0.538 Thread 0x000001c54de72000 Exception <a 'java/lang/ClassNotFoundException'{0x000000072ea9a4d8}: javax/smartcardio/CardPermission> (0x000000072ea9a4d8) thrown at [./src/hotspot/share/classfile/systemDictionary.cpp, line 233]
Event: 0.542 Thread 0x000001c54de72000 Exception <a 'java/io/FileNotFoundException'{0x000000072eaa9ad0}> (0x000000072eaa9ad0) thrown at [./src/hotspot/share/prims/jni.cpp, line 617]
Event: 0.814 Thread 0x000001c54de72000 Exception <a 'java/lang/NoSuchMethodError'{0x000000072eb4bfa8}: 'java.lang.Object java.lang.invoke.DirectMethodHandle$Holder.invokeSpecialIFC(java.lang.Object, java.lang.Object, java.lang.Object, java.lang.Object)'> (0x000000072eb4bfa8) thrown at [./src/hotspot/share/interpreter/linkResolver.cpp, line 773]
Event: 0.838 Thread 0x000001c54de72000 Exception <a 'java/lang/NoSuchMethodError'{0x000000072ea0c9a8}: 'int java.lang.invoke.DirectMethodHandle$Holder.invokeStaticInit(java.lang.Object, java.lang.Object)'> (0x000000072ea0c9a8) thrown at [./src/hotspot/share/interpreter/linkResolver.cpp, line 773]
Event: 0.852 Thread 0x000001c54de72000 Exception <a 'java/lang/OutOfMemoryError'{0x000000072ea92d28}> (0x000000072ea92d28) thrown at [./src/hotspot/share/prims/jni.cpp, line 638]

Events (20 events):
Event: 0.850 loading class org/springframework/core/annotation/AnnotationFilter$1
Event: 0.850 loading class org/springframework/core/annotation/AnnotationFilter$1 done
Event: 0.851 loading class org/springframework/core/annotation/AnnotationFilter$2
Event: 0.851 loading class org/springframework/core/annotation/AnnotationFilter$2 done
Event: 0.851 loading class org/springframework/core/annotation/TypeMappedAnnotations
Event: 0.851 loading class org/springframework/core/annotation/TypeMappedAnnotations done
Event: 0.852 loading class java/lang/Throwable$WrappedPrintStream
Event: 0.852 loading class java/lang/Throwable$PrintStreamOrWriter
Event: 0.852 loading class java/lang/Throwable$PrintStreamOrWriter done
Event: 0.852 loading class java/lang/Throwable$WrappedPrintStream done
Event: 0.852 loading class java/lang/StackTraceElement$HashedModules
Event: 0.852 loading class java/lang/StackTraceElement$HashedModules done
Event: 0.854 loading class java/util/IdentityHashMap$KeyIterator
Event: 0.854 loading class java/util/IdentityHashMap$KeyIterator done
Event: 0.854 Thread 0x000001c54de72000 Thread exited: 0x000001c54de72000
Event: 0.854 Thread 0x000001c54de72000 Thread added: 0x000001c54de72000
Event: 0.854 loading class java/lang/Shutdown
Event: 0.854 loading class java/lang/Shutdown done
Event: 0.854 loading class java/lang/Shutdown$Lock
Event: 0.854 Executing VM operation: CollectForMetadataAllocation


Dynamic libraries:
0x00007ff793b10000 - 0x00007ff793b1d000 	C:\Users\raque\AppData\Local\Java\zulu11.56.19-ca-jdk11.0.15-win_x64\zulu11.56.19-ca-jdk11.0.15-win_x64\bin\java.exe
0x00007ffbbefb0000 - 0x00007ffbbf1a5000 	C:\Windows\SYSTEM32\ntdll.dll
0x00007ffbbee50000 - 0x00007ffbbef0e000 	C:\Windows\System32\KERNEL32.DLL
0x00007ffbbc720000 - 0x00007ffbbc9e8000 	C:\Windows\System32\KERNELBASE.dll
0x00007ffbbce40000 - 0x00007ffbbcf40000 	C:\Windows\System32\ucrtbase.dll
0x00007ffbb88c0000 - 0x00007ffbb88d7000 	C:\Users\raque\AppData\Local\Java\zulu11.56.19-ca-jdk11.0.15-win_x64\zulu11.56.19-ca-jdk11.0.15-win_x64\bin\jli.dll
0x00007ffbbebd0000 - 0x00007ffbbed70000 	C:\Windows\System32\USER32.dll
0x00007ffbbcf40000 - 0x00007ffbbcf62000 	C:\Windows\System32\win32u.dll
0x00007ffbbdc70000 - 0x00007ffbbdc9a000 	C:\Windows\System32\GDI32.dll
0x00007ffbbcd30000 - 0x00007ffbbce3b000 	C:\Windows\System32\gdi32full.dll
0x00007ffbbc9f0000 - 0x00007ffbbca8d000 	C:\Windows\System32\msvcp_win.dll
0x00007ffbb88e0000 - 0x00007ffbb88f5000 	C:\Users\raque\AppData\Local\Java\zulu11.56.19-ca-jdk11.0.15-win_x64\zulu11.56.19-ca-jdk11.0.15-win_x64\bin\VCRUNTIME140.dll
0x00007ffba8c30000 - 0x00007ffba8eca000 	C:\Windows\WinSxS\amd64_microsoft.windows.common-controls_6595b64144ccf1df_6.0.19041.1110_none_60b5254171f9507e\COMCTL32.dll
0x00007ffbbdaf0000 - 0x00007ffbbdb8e000 	C:\Windows\System32\msvcrt.dll
0x00007ffbbddf0000 - 0x00007ffbbde20000 	C:\Windows\System32\IMM32.DLL
0x00007ffb827f0000 - 0x00007ffb8288b000 	C:\Users\raque\AppData\Local\Java\zulu11.56.19-ca-jdk11.0.15-win_x64\zulu11.56.19-ca-jdk11.0.15-win_x64\bin\msvcp140.dll
0x00007ffb76c20000 - 0x00007ffb777b1000 	C:\Users\raque\AppData\Local\Java\zulu11.56.19-ca-jdk11.0.15-win_x64\zulu11.56.19-ca-jdk11.0.15-win_x64\bin\server\jvm.dll
0x00007ffbbde20000 - 0x00007ffbbdece000 	C:\Windows\System32\ADVAPI32.dll
0x00007ffbbd140000 - 0x00007ffbbd1dc000 	C:\Windows\System32\sechost.dll
0x00007ffbbdca0000 - 0x00007ffbbddc5000 	C:\Windows\System32\RPCRT4.dll
0x00007ffbbd540000 - 0x00007ffbbd548000 	C:\Windows\System32\PSAPI.DLL
0x00007ffba5290000 - 0x00007ffba5299000 	C:\Windows\SYSTEM32\WSOCK32.dll
0x00007ffbbded0000 - 0x00007ffbbdf3b000 	C:\Windows\System32\WS2_32.dll
0x00007ffbb1520000 - 0x00007ffbb1547000 	C:\Windows\SYSTEM32\WINMM.dll
0x00007ffbb5310000 - 0x00007ffbb531a000 	C:\Windows\SYSTEM32\VERSION.dll
0x00007ffbba5d0000 - 0x00007ffbba5e2000 	C:\Windows\SYSTEM32\kernel.appcore.dll
0x00007ffbb8600000 - 0x00007ffbb8610000 	C:\Users\raque\AppData\Local\Java\zulu11.56.19-ca-jdk11.0.15-win_x64\zulu11.56.19-ca-jdk11.0.15-win_x64\bin\verify.dll
0x00007ffbb2fa0000 - 0x00007ffbb3184000 	C:\Windows\SYSTEM32\DBGHELP.DLL
0x00007ffbaacc0000 - 0x00007ffbaacec000 	C:\Windows\SYSTEM32\dbgcore.DLL
0x00007ffbbca90000 - 0x00007ffbbcb12000 	C:\Windows\System32\bcryptPrimitives.dll
0x00007ffbb6b20000 - 0x00007ffbb6b48000 	C:\Users\raque\AppData\Local\Java\zulu11.56.19-ca-jdk11.0.15-win_x64\zulu11.56.19-ca-jdk11.0.15-win_x64\bin\java.dll
0x00007ffbb85f0000 - 0x00007ffbb85fa000 	C:\Users\raque\AppData\Local\Java\zulu11.56.19-ca-jdk11.0.15-win_x64\zulu11.56.19-ca-jdk11.0.15-win_x64\bin\jimage.dll
0x00007ffbb6b00000 - 0x00007ffbb6b18000 	C:\Users\raque\AppData\Local\Java\zulu11.56.19-ca-jdk11.0.15-win_x64\zulu11.56.19-ca-jdk11.0.15-win_x64\bin\zip.dll
0x00007ffbbe2c0000 - 0x00007ffbbea04000 	C:\Windows\System32\SHELL32.dll
0x00007ffbba7d0000 - 0x00007ffbbaf64000 	C:\Windows\SYSTEM32\windows.storage.dll
0x00007ffbbd1e0000 - 0x00007ffbbd534000 	C:\Windows\System32\combase.dll
0x00007ffbbbf90000 - 0x00007ffbbbfbc000 	C:\Windows\SYSTEM32\Wldp.dll
0x00007ffbbe210000 - 0x00007ffbbe2bd000 	C:\Windows\System32\SHCORE.dll
0x00007ffbbdb90000 - 0x00007ffbbdbe5000 	C:\Windows\System32\shlwapi.dll
0x00007ffbbc610000 - 0x00007ffbbc62f000 	C:\Windows\SYSTEM32\profapi.dll
0x00007ffbb47a0000 - 0x00007ffbb47b9000 	C:\Users\raque\AppData\Local\Java\zulu11.56.19-ca-jdk11.0.15-win_x64\zulu11.56.19-ca-jdk11.0.15-win_x64\bin\net.dll
0x00007ffbb3250000 - 0x00007ffbb335a000 	C:\Windows\SYSTEM32\WINHTTP.dll
0x00007ffbbbd70000 - 0x00007ffbbbdda000 	C:\Windows\system32\mswsock.dll
0x00007ffbb6b70000 - 0x00007ffbb6b83000 	C:\Users\raque\AppData\Local\Java\zulu11.56.19-ca-jdk11.0.15-win_x64\zulu11.56.19-ca-jdk11.0.15-win_x64\bin\nio.dll

dbghelp: loaded successfully - version: 4.0.5 - missing functions: none
symbol engine: initialized successfully - sym options: 0x614 - pdb path: .;C:\Users\raque\AppData\Local\Java\zulu11.56.19-ca-jdk11.0.15-win_x64\zulu11.56.19-ca-jdk11.0.15-win_x64\bin;C:\Windows\SYSTEM32;C:\Windows\WinSxS\amd64_microsoft.windows.common-controls_6595b64144ccf1df_6.0.19041.1110_none_60b5254171f9507e;C:\Users\raque\AppData\Local\Java\zulu11.56.19-ca-jdk11.0.15-win_x64\zulu11.56.19-ca-jdk11.0.15-win_x64\bin\server

VM Arguments:
jvm_args: -Dfile.encoding=windows-1252 -Duser.country=CO -Duser.language=es -Duser.variant 
java_command: com.co.ias.products.ProductsApplication
java_class_path (initial): S:\IASsemillero\products\build\classes\java\main;S:\IASsemillero\products\build\resources\main;C:\Users\raque\.gradle\caches\modules-2\files-2.1\org.springframework.boot\spring-boot-devtools\2.6.7\165072232fe9adeb7d5a730f01587e17a36d971e\spring-boot-devtools-2.6.7.jar;C:\Users\raque\.gradle\caches\modules-2\files-2.1\org.springframework.boot\spring-boot-starter-web\2.6.7\d877d6b14397f0c4b3a1611149a37eaf47f32195\spring-boot-starter-web-2.6.7.jar;C:\Users\raque\.gradle\caches\modules-2\files-2.1\org.springframework.boot\spring-boot-starter-json\2.6.7\6f50e3003a0fff41ff571d52041146a19010761c\spring-boot-starter-json-2.6.7.jar;C:\Users\raque\.gradle\caches\modules-2\files-2.1\org.springframework.boot\spring-boot-starter\2.6.7\59bd62cd60e6e7bb2a525931947c13548b207288\spring-boot-starter-2.6.7.jar;C:\Users\raque\.gradle\caches\modules-2\files-2.1\org.springframework.boot\spring-boot-autoconfigure\2.6.7\d96e51e7a13f16c07f60654071f157f99a0b99be\spring-boot-autoconfigure-2.6.7.jar;C:\Users\raque\.gradle\caches\modules-2\files-2.1\org.springframework.boot\spring-boot\2.6.7\aef2fff50d49feb43a0726ab7e4945914186e06\spring-boot-2.6.7.jar;C:\Users\raque\.gradle\caches\modules-2\files-2.1\org.springframework.boot\spring-boot-starter-tomcat\2.6.7\22b09d173a3ca971e2f344229c13a105695ee45c\spring-boot-starter-tomcat-2.6.7.jar;C:\Users\raque\.gradle\caches\modules-2\files-2.1\org.springframework\spring-webmvc\5.3.19\ba2fc03a3bcc925458e1179ef88f5833fb1971d\spring-webmvc-5.3.19.jar;C:\Users\raque\.gradle\caches\modules-2\files-2.1\org.springframework\spring-web\5.3.19\cdffc649d28d360d5891244e45277aa135ac647d\spring-web-5.3.19.jar;C:\Users\raque\.gradle\caches\modules-2\files-2.1\org.springframework\spring-context\5.3.19\d663259767f8fb66229209db0422d65978235525\spring-context-5.3.19.jar;C:\Users\raque\.gradle\caches\modules-2\files-2.1\org.springframework\spring-aop\5.3.19\339b0ad295a7af51ac716bd89d36a4fb0febaf5d\spring-aop-5.3.19.jar;C:\Users\raque\.gradle\cac
Launcher Type: SUN_STANDARD

[Global flags]
     intx CICompilerCount                          = 3                                         {product} {ergonomic}
     uint ConcGCThreads                            = 1                                         {product} {ergonomic}
     uint G1ConcRefinementThreads                  = 4                                         {product} {ergonomic}
   size_t G1HeapRegionSize                         = 1048576                                   {product} {ergonomic}
    uintx GCDrainStackTargetSize                   = 64                                        {product} {ergonomic}
   size_t InitialHeapSize                          = 234881024                                 {product} {ergonomic}
   size_t MarkStackSize                            = 4194304                                   {product} {ergonomic}
   size_t MaxHeapSize                              = 3741319168                                {product} {ergonomic}
   size_t MaxNewSize                               = 2243952640                                {product} {ergonomic}
   size_t MinHeapDeltaBytes                        = 1048576                                   {product} {ergonomic}
    uintx NonNMethodCodeHeapSize                   = 5830732                                {pd product} {ergonomic}
    uintx NonProfiledCodeHeapSize                  = 122913754                              {pd product} {ergonomic}
    uintx ProfiledCodeHeapSize                     = 122913754                              {pd product} {ergonomic}
    uintx ReservedCodeCacheSize                    = 251658240                              {pd product} {ergonomic}
     bool SegmentedCodeCache                       = true                                      {product} {ergonomic}
     bool UseCompressedClassPointers               = true                                 {lp64_product} {ergonomic}
     bool UseCompressedOops                        = true                                 {lp64_product} {ergonomic}
     bool UseG1GC                                  = true                                      {product} {ergonomic}
     bool UseLargePagesIndividualAllocation        = false                                  {pd product} {ergonomic}

Logging:
Log output configuration:
 #0: stdout all=warning uptime,level,tags
 #1: stderr all=off uptime,level,tags

Environment Variables:
JAVA_HOME=C:\Users\raque\AppData\Local\Java\zulu11.56.19-ca-jdk11.0.15-win_x64\zulu11.56.19-ca-jdk11.0.15-win_x64
PATH=C:\Program Files (x86)\Common Files\Oracle\Java\javapath;C:\Python310\Scripts\;C:\Python310\;C:\Program Files\Python39\Scripts\;C:\Program Files\Python39\;C:\Windows\system32;C:\Windows;C:\Windows\System32\Wbem;C:\Windows\System32\WindowsPowerShell\v1.0\;C:\Windows\System32\OpenSSH\;S:\AppPrograming\xampp\php;C:\ProgramData\ComposerSetup\bin;C:\ProgramData\chocolatey\bin;S:\AppPrograming\Node\;C:\Program Files\MongoDB\Server\5.0\bin;S:\MongoDB\mongosh-1.3.0-win32-x64\bin;C:\Users\raque\AppData\Local\Microsoft\WindowsApps;S:\AppPrograming\xampp\php;E:\Programas E\Git\Git\cmd;C:\Users\raque\AppData\Local\GitHubDesktop\bin;C:\Users\raque\spicetify-cli;C:\Users\raque\AppData\Roaming\npm;S:\AppPrograming\VSCode\Microsoft VS Code\bin
USERNAME=raque
OS=Windows_NT
PROCESSOR_IDENTIFIER=AMD64 Family 23 Model 24 Stepping 1, AuthenticAMD



---------------  S Y S T E M  ---------------

OS: Windows 10 , 64 bit Build 19041 (10.0.19041.1645)
OS uptime: 10 days 6:39 hours
Hyper-V role detected

CPU:total 4 (initial active 4) (4 cores per cpu, 1 threads per core) family 23 model 24 stepping 1 microcode 0x0, cmov, cx8, fxsr, mmx, sse, sse2, sse3, ssse3, sse4.1, sse4.2, popcnt, avx, avx2, aes, clmul, mmxext, 3dnowpref, lzcnt, sse4a, tsc, tscinvbit, tscinv, bmi1, bmi2, adx, sha, fma

Memory: 4k page, system-wide physical 14270M (2345M free)
TotalPageFile size 14270M (AvailPageFile size 28M)
current process WorkingSet (physical memory assigned to process): 61M, peak: 61M
current process commit charge ("private bytes"): 309M, peak: 310M

vm_info: OpenJDK 64-Bit Server VM (11.0.15+10-LTS) for windows-amd64 JRE (Zulu11.56+19-CA) (11.0.15+10-LTS), built on Apr 17 2022 08:58:55 by "zulu_re" with MS VC++ 15.9 (VS2017)

END.
